# JRE version: Java(TM) SE Runtime Environment (8.0_101-b13) (build 1.8.0_101-b13)
# Java VM: Java HotSpot(TM) 64-Bit Server VM (25.101-b13 mixed mode windows-amd64 compressed oops)
Heap:
 PSYoungGen      total 786432K, used 259561K [0x000000076b500000, 0x000000079d180000, 0x00000007c0000000)
  eden space 778752K, 33% used [0x000000076b500000,0x000000077b27a7c0,0x000000079ad80000)
  from space 7680K, 0% used [0x000000079ad80000,0x000000079ad80000,0x000000079b500000)
  to   space 18432K, 0% used [0x000000079bf80000,0x000000079bf80000,0x000000079d180000)
 ParOldGen       total 148480K, used 27382K [0x00000006c1e00000, 0x00000006caf00000, 0x000000076b500000)
  object space 148480K, 18% used [0x00000006c1e00000,0x00000006c38bdb40,0x00000006caf00000)
 Metaspace       used 73757K, capacity 77874K, committed 78040K, reserved 1118208K
  class space    used 9469K, capacity 10135K, committed 10240K, reserved 1048576K
GC Heap History (10 events):
Event: 1251.105 GC heap before
{Heap before GC invocations=15 (full 4):
 PSYoungGen      total 540160K, used 15716K [0x000000076b500000, 0x000000079d280000, 0x00000007c0000000)
  eden space 522752K, 0% used [0x000000076b500000,0x000000076b500000,0x000000078b380000)
  from space 17408K, 90% used [0x000000078b380000,0x000000078c2d9158,0x000000078c480000)
  to   space 18944K, 0% used [0x000000079c000000,0x000000079c000000,0x000000079d280000)
 ParOldGen       total 148480K, used 19152K [0x00000006c1e00000, 0x00000006caf00000, 0x000000076b500000)
  object space 148480K, 12% used [0x00000006c1e00000,0x00000006c30b4338,0x00000006caf00000)
 Metaspace       used 70428K, capacity 73970K, committed 74200K, reserved 1114112K
  class space    used 9292K, capacity 9897K, committed 9984K, reserved 1048576K
Event: 1251.379 GC heap after
Heap after GC invocations=15 (full 4):
 PSYoungGen      total 540160K, used 0K [0x000000076b500000, 0x000000079d280000, 0x00000007c0000000)
  eden space 522752K, 0% used [0x000000076b500000,0x000000076b500000,0x000000078b380000)
  from space 17408K, 0% used [0x000000078b380000,0x000000078b380000,0x000000078c480000)
  to   space 18944K, 0% used [0x000000079c000000,0x000000079c000000,0x000000079d280000)
 ParOldGen       total 148480K, used 32528K [0x00000006c1e00000, 0x00000006caf00000, 0x000000076b500000)
  object space 148480K, 21% used [0x00000006c1e00000,0x00000006c3dc40e8,0x00000006caf00000)
 Metaspace       used 70365K, capacity 73802K, committed 74200K, reserved 1114112K
  class space    used 9271K, capacity 9863K, committed 9984K, reserved 1048576K
}
Event: 1283.560 GC heap before
{Heap before GC invocations=16 (full 4):
 PSYoungGen      total 540160K, used 260676K [0x000000076b500000, 0x000000079d280000, 0x00000007c0000000)
  eden space 522752K, 49% used [0x000000076b500000,0x000000077b391208,0x000000078b380000)
  from space 17408K, 0% used [0x000000078b380000,0x000000078b380000,0x000000078c480000)
  to   space 18944K, 0% used [0x000000079c000000,0x000000079c000000,0x000000079d280000)
 ParOldGen       total 148480K, used 32528K [0x00000006c1e00000, 0x00000006caf00000, 0x000000076b500000)
  object space 148480K, 21% used [0x00000006c1e00000,0x00000006c3dc40e8,0x00000006caf00000)
 Metaspace       used 71510K, capacity 75254K, committed 75480K, reserved 1114112K
  class space    used 9334K, capacity 9940K, committed 9984K, reserved 1048576K
Event: 1283.571 GC heap after
Heap after GC invocations=16 (full 4):
 PSYoungGen      total 797696K, used 6397K [0x000000076b500000, 0x000000079d280000, 0x00000007c0000000)
  eden space 778752K, 0% used [0x000000076b500000,0x000000076b500000,0x000000079ad80000)
  from space 18944K, 33% used [0x000000079c000000,0x000000079c63f650,0x000000079d280000)
  to   space 18944K, 0% used [0x000000079ad80000,0x000000079ad80000,0x000000079c000000)
 ParOldGen       total 148480K, used 32536K [0x00000006c1e00000, 0x00000006caf00000, 0x000000076b500000)
  object space 148480K, 21% used [0x00000006c1e00000,0x00000006c3dc60e8,0x00000006caf00000)
 Metaspace       used 71510K, capacity 75254K, committed 75480K, reserved 1114112K
  class space    used 9334K, capacity 9940K, committed 9984K, reserved 1048576K
}
Event: 1283.571 GC heap before
{Heap before GC invocations=17 (full 5):
 PSYoungGen      total 797696K, used 6397K [0x000000076b500000, 0x000000079d280000, 0x00000007c0000000)
  eden space 778752K, 0% used [0x000000076b500000,0x000000076b500000,0x000000079ad80000)
  from space 18944K, 33% used [0x000000079c000000,0x000000079c63f650,0x000000079d280000)
  to   space 18944K, 0% used [0x000000079ad80000,0x000000079ad80000,0x000000079c000000)
 ParOldGen       total 148480K, used 32536K [0x00000006c1e00000, 0x00000006caf00000, 0x000000076b500000)
  object space 148480K, 21% used [0x00000006c1e00000,0x00000006c3dc60e8,0x00000006caf00000)
 Metaspace       used 71510K, capacity 75254K, committed 75480K, reserved 1114112K
  class space    used 9334K, capacity 9940K, committed 9984K, reserved 1048576K
Event: 1283.798 GC heap after
Heap after GC invocations=17 (full 5):
 PSYoungGen      total 797696K, used 0K [0x000000076b500000, 0x000000079d280000, 0x00000007c0000000)
  eden space 778752K, 0% used [0x000000076b500000,0x000000076b500000,0x000000079ad80000)
  from space 18944K, 0% used [0x000000079c000000,0x000000079c000000,0x000000079d280000)
  to   space 18944K, 0% used [0x000000079ad80000,0x000000079ad80000,0x000000079c000000)
 ParOldGen       total 148480K, used 25953K [0x00000006c1e00000, 0x00000006caf00000, 0x000000076b500000)
  object space 148480K, 17% used [0x00000006c1e00000,0x00000006c37585c0,0x00000006caf00000)
 Metaspace       used 71504K, capacity 75242K, committed 75480K, reserved 1114112K
  class space    used 9333K, capacity 9937K, committed 9984K, reserved 1048576K
}
Event: 1974.449 GC heap before
{Heap before GC invocations=18 (full 5):
 PSYoungGen      total 797696K, used 392935K [0x000000076b500000, 0x000000079d280000, 0x00000007c0000000)
  eden space 778752K, 50% used [0x000000076b500000,0x00000007834b9dc0,0x000000079ad80000)
  from space 18944K, 0% used [0x000000079c000000,0x000000079c000000,0x000000079d280000)
  to   space 18944K, 0% used [0x000000079ad80000,0x000000079ad80000,0x000000079c000000)
 ParOldGen       total 148480K, used 25953K [0x00000006c1e00000, 0x00000006caf00000, 0x000000076b500000)
  object space 148480K, 17% used [0x00000006c1e00000,0x00000006c37585c0,0x00000006caf00000)
 Metaspace       used 73011K, capacity 76806K, committed 76888K, reserved 1116160K
  class space    used 9407K, capacity 10048K, committed 10112K, reserved 1048576K
Event: 1974.462 GC heap after
Heap after GC invocations=18 (full 5):
 PSYoungGen      total 786432K, used 7528K [0x000000076b500000, 0x000000079d180000, 0x00000007c0000000)
  eden space 778752K, 0% used [0x000000076b500000,0x000000076b500000,0x000000079ad80000)
  from space 7680K, 98% used [0x000000079ad80000,0x000000079b4da0a8,0x000000079b500000)
  to   space 18432K, 0% used [0x000000079bf80000,0x000000079bf80000,0x000000079d180000)
 ParOldGen       total 148480K, used 25961K [0x00000006c1e00000, 0x00000006caf00000, 0x000000076b500000)
  object space 148480K, 17% used [0x00000006c1e00000,0x00000006c375a5c0,0x00000006caf00000)
 Metaspace       used 73011K, capacity 76806K, committed 76888K, reserved 1116160K
  class space    used 9407K, capacity 10048K, committed 10112K, reserved 1048576K
}
Event: 1974.462 GC heap before
{Heap before GC invocations=19 (full 6):
 PSYoungGen      total 786432K, used 7528K [0x000000076b500000, 0x000000079d180000, 0x00000007c0000000)
  eden space 778752K, 0% used [0x000000076b500000,0x000000076b500000,0x000000079ad80000)
  from space 7680K, 98% used [0x000000079ad80000,0x000000079b4da0a8,0x000000079b500000)
  to   space 18432K, 0% used [0x000000079bf80000,0x000000079bf80000,0x000000079d180000)
 ParOldGen       total 148480K, used 25961K [0x00000006c1e00000, 0x00000006caf00000, 0x000000076b500000)
  object space 148480K, 17% used [0x00000006c1e00000,0x00000006c375a5c0,0x00000006caf00000)
 Metaspace       used 73011K, capacity 76806K, committed 76888K, reserved 1116160K
  class space    used 9407K, capacity 10048K, committed 10112K, reserved 1048576K
Event: 1974.694 GC heap after
Heap after GC invocations=19 (full 6):
 PSYoungGen      total 786432K, used 0K [0x000000076b500000, 0x000000079d180000, 0x00000007c0000000)
  eden space 778752K, 0% used [0x000000076b500000,0x000000076b500000,0x000000079ad80000)
  from space 7680K, 0% used [0x000000079ad80000,0x000000079ad80000,0x000000079b500000)
  to   space 18432K, 0% used [0x000000079bf80000,0x000000079bf80000,0x000000079d180000)
 ParOldGen       total 148480K, used 27382K [0x00000006c1e00000, 0x00000006caf00000, 0x000000076b500000)
  object space 148480K, 18% used [0x00000006c1e00000,0x00000006c38bdb40,0x00000006caf00000)
 Metaspace       used 73005K, capacity 76794K, committed 76888K, reserved 1116160K
  class space    used 9405K, capacity 10045K, committed 10112K, reserved 1048576K
}

